Arguments: 
  /usr/local/Cellar/node/12.12.0/bin/node /usr/local/Cellar/yarn/1.19.1/libexec/bin/yarn.js start

PATH: 
  /usr/local/bin:/usr/bin:/bin:/usr/sbin:/sbin

Yarn version: 
  1.19.1

Node version: 
  12.12.0

Platform: 
  darwin x64

Trace: 
  SyntaxError: /Users/StepheN/Desktop/perfect-server/package.json: Unexpected token < in JSON at position 759
      at JSON.parse (<anonymous>)
      at /usr/local/Cellar/yarn/1.19.1/libexec/lib/cli.js:1625:59
      at Generator.next (<anonymous>)
      at step (/usr/local/Cellar/yarn/1.19.1/libexec/lib/cli.js:304:30)
      at /usr/local/Cellar/yarn/1.19.1/libexec/lib/cli.js:315:13

npm manifest: 
  {
    "name": "mern",
    "version": "1.0.0",
    "description": "",
    "main": "server.js",
    "scripts": {
      "start": "if-env NODE_ENV=production && npm run start:prod || npm run start:dev",
      "start:prod": "node server.js",
      "start:dev": "concurrently \"nodemon --ignore 'client/*'\" \"npm run client\"",
      "client": "cd client && npm run start",
      "seed": "node scripts/seedDB.js",
      "install": "cd client && npm install",
      "build": "cd client && npm run build",
      "heroku-postbuild": "npm run build"
    },
    "author": "",
    "license": "ISC",
    "devDependencies": {
      "concurrently": "^4.1.0",
      "nodemon": "^1.18.7"
    },
    "dependencies": {
      "axios": "^0.18.0",
      "express": "^4.16.3",
      "if-env": "^1.0.4",
      "mongoose": "^5.7.8",
  <<<<<<< HEAD
  =======
      "react": "^16.11.0",
  >>>>>>> 2c2e9159f0c920d03556ca9c94ca54712663c18a
      "react-router-dom": "^5.1.2"
    }
  }

yarn manifest: 
  No manifest

Lockfile: 
  No lockfile
